<?xml version="1.0" encoding="UTF-8"?>
<testsuite name="com.apress.isf.java.test.MyDocumentsTest" tests="2" skipped="0" failures="0" errors="0" timestamp="2015-07-22T19:20:34" hostname="anterrell-PC" time="0.002">
  <properties/>
  <testcase name="testFindByType" classname="com.apress.isf.java.test.MyDocumentsTest" time="0.002"/>
  <testcase name="testListAll" classname="com.apress.isf.java.test.MyDocumentsTest" time="0.0"/>
  <system-out><![CDATA[]]></system-out>
  <system-err><![CDATA[]]></system-err>
</testsuite>
