<?xml version="1.0" encoding="UTF-8"?>
<testsuite name="com.apress.isf.spring.test.MyDocumentsWithSpringTest" tests="2" skipped="0" failures="0" errors="0" timestamp="2015-07-22T19:20:34" hostname="anterrell-PC" time="0.361">
  <properties/>
  <testcase name="testWithSpringFindByType" classname="com.apress.isf.spring.test.MyDocumentsWithSpringTest" time="0.329"/>
  <testcase name="testWithSpringListAll" classname="com.apress.isf.spring.test.MyDocumentsWithSpringTest" time="0.032"/>
  <system-out><![CDATA[]]></system-out>
  <system-err><![CDATA[Jul 22, 2015 2:20:34 PM org.springframework.context.support.ClassPathXmlApplicationContext prepareRefresh
INFO: Refreshing org.springframework.context.support.ClassPathXmlApplicationContext@6de120da: startup date [Wed Jul 22 14:20:34 CDT 2015]; root of context hierarchy
Jul 22, 2015 2:20:34 PM org.springframework.beans.factory.xml.XmlBeanDefinitionReader loadBeanDefinitions
INFO: Loading XML bean definitions from class path resource [mydocuments-context.xml]
Jul 22, 2015 2:20:35 PM org.springframework.context.support.ClassPathXmlApplicationContext prepareRefresh
INFO: Refreshing org.springframework.context.support.ClassPathXmlApplicationContext@4996b20e: startup date [Wed Jul 22 14:20:35 CDT 2015]; root of context hierarchy
Jul 22, 2015 2:20:35 PM org.springframework.beans.factory.xml.XmlBeanDefinitionReader loadBeanDefinitions
INFO: Loading XML bean definitions from class path resource [mydocuments-context.xml]
]]></system-err>
</testsuite>
